

 /************************( Field imageurl does not exist in images Starts )****************************/ 

Sunday 31st of July 2011 10:23:32 PM


exception 'InvalidArgumentException' with message 'Field imageurl does not exist in images' in /var/www/vhosts/jquerytoolkit.com/subdomains/dev/project/al/admin/includes/modules/database/DatabaseRecord.class.php:914
Stack trace:
#0 /var/www/vhosts/jquerytoolkit.com/subdomains/dev/project/al/admin/includes/modules/database/DatabaseRecordClassBuilder.php(106) : eval()'d code(118): DatabaseRecord->GetCorrectFieldNameCase('imageUrl')
#1 /var/www/vhosts/jquerytoolkit.com/subdomains/dev/project/al/admin/includes/objects/siteObjects/ImageGallery.class.php(193): ah__images_DatabaseRecord->__get('imageUrl')
#2 /var/www/vhosts/jquerytoolkit.com/subdomains/dev/project/al/admin/includes/objects/siteObjects/ImageGallery.class.php(79): ImageGallery->editImageGallery('1')
#3 /var/www/vhosts/jquerytoolkit.com/subdomains/dev/project/al/admin/includes/objects/siteObjects/SiteObject.class.php(20): ImageGallery->process()
#4 /var/www/vhosts/jquerytoolkit.com/subdomains/dev/project/al/admin/includes/objects/siteObjects/ImageGallery.class.php(26): SiteObject->__construct()
#5 /var/www/vhosts/jquerytoolkit.com/subdomains/dev/project/al/admin/includes/Site.class.php(92): ImageGallery->__construct()
#6 /var/www/vhosts/jquerytoolkit.com/subdomains/dev/project/al/admin/includes/Site.class.php(83): Site->generateObject('ImageGallery', 'imageGallery')
#7 /var/www/vhosts/jquerytoolkit.com/subdomains/dev/project/al/admin/includes/Site.class.php(70): Site->loadObjects(Array)
#8 /var/www/vhosts/jquerytoolkit.com/subdomains/dev/project/al/admin/includes/Site.class.php(44): Site->process(Array)
#9 /var/www/vhosts/jquerytoolkit.com/subdomains/dev/project/al/admin/actions/imagegallery.php(8): Site->__construct('ImageGallery')
#10 /var/www/vhosts/jquerytoolkit.com/subdomains/dev/project/al/admin/LiteFrame/index.php(331): LiteFrameAction->__construct()
#11 /var/www/vhosts/jquerytoolkit.com/subdomains/dev/project/al/admin/LiteFrame/index.php(297): LiteFrame->Action()
#12 /var/www/vhosts/jquerytoolkit.com/subdomains/dev/project/al/admin/index.php(30): LiteFrame->RunApplication()
#13 {main}

 /************************( Field imageurl does not exist in images Ends )****************************/ 



 /************************( Field imageurl does not exist in images Starts )****************************/ 

Sunday 31st of July 2011 10:23:33 PM


exception 'InvalidArgumentException' with message 'Field imageurl does not exist in images' in /var/www/vhosts/jquerytoolkit.com/subdomains/dev/project/al/admin/includes/modules/database/DatabaseRecord.class.php:914
Stack trace:
#0 /var/www/vhosts/jquerytoolkit.com/subdomains/dev/project/al/admin/includes/modules/database/DatabaseRecordClassBuilder.php(106) : eval()'d code(118): DatabaseRecord->GetCorrectFieldNameCase('imageUrl')
#1 /var/www/vhosts/jquerytoolkit.com/subdomains/dev/project/al/admin/includes/objects/siteObjects/ImageGallery.class.php(193): ah__images_DatabaseRecord->__get('imageUrl')
#2 /var/www/vhosts/jquerytoolkit.com/subdomains/dev/project/al/admin/includes/objects/siteObjects/ImageGallery.class.php(79): ImageGallery->editImageGallery('1')
#3 /var/www/vhosts/jquerytoolkit.com/subdomains/dev/project/al/admin/includes/objects/siteObjects/SiteObject.class.php(20): ImageGallery->process()
#4 /var/www/vhosts/jquerytoolkit.com/subdomains/dev/project/al/admin/includes/objects/siteObjects/ImageGallery.class.php(26): SiteObject->__construct()
#5 /var/www/vhosts/jquerytoolkit.com/subdomains/dev/project/al/admin/includes/Site.class.php(92): ImageGallery->__construct()
#6 /var/www/vhosts/jquerytoolkit.com/subdomains/dev/project/al/admin/includes/Site.class.php(83): Site->generateObject('ImageGallery', 'imageGallery')
#7 /var/www/vhosts/jquerytoolkit.com/subdomains/dev/project/al/admin/includes/Site.class.php(70): Site->loadObjects(Array)
#8 /var/www/vhosts/jquerytoolkit.com/subdomains/dev/project/al/admin/includes/Site.class.php(44): Site->process(Array)
#9 /var/www/vhosts/jquerytoolkit.com/subdomains/dev/project/al/admin/actions/imagegallery.php(8): Site->__construct('ImageGallery')
#10 /var/www/vhosts/jquerytoolkit.com/subdomains/dev/project/al/admin/LiteFrame/index.php(331): LiteFrameAction->__construct()
#11 /var/www/vhosts/jquerytoolkit.com/subdomains/dev/project/al/admin/LiteFrame/index.php(297): LiteFrame->Action()
#12 /var/www/vhosts/jquerytoolkit.com/subdomains/dev/project/al/admin/index.php(30): LiteFrame->RunApplication()
#13 {main}

 /************************( Field imageurl does not exist in images Ends )****************************/ 

